Received command: uci
Received command: isready
Received command: ucinewgame
Starting new game
Received command: position startpos
Board reset
Current board:
rnbqkbnr
pppppppp
........
........
........
........
PPPPPPPP
RNBQKBNR
Bot is playing as Black
Received command: position startpos moves f2f4
Received command: isready
Received command: go wtime 300000 btime 300000 movestogo 40
Bot to move: Black
Received command: position startpos moves f2f4 b8c6 f4f5
Received command: isready
Received command: go wtime 298872 btime 300000 movestogo 39
Bot to move: Black
Received command: position startpos moves f2f4 b8c6 f4f5 a8b8 f5f6
Received command: isready
Received command: go wtime 297721 btime 300000 movestogo 38
Bot to move: Black
Received command: position startpos moves f2f4 b8c6 f4f5 a8b8 f5f6 g8h6 f6e7
Received command: isready
Received command: go wtime 296552 btime 300000 movestogo 37
Bot to move: Black
Received command: position startpos moves f2f4 b8c6 f4f5 a8b8 f5f6 g8h6 f6e7 h8g8 g2g4
Received command: isready
Received command: go wtime 295337 btime 300000 movestogo 36
Bot to move: Black
Received command: position startpos moves f2f4 b8c6 f4f5 a8b8 f5f6 g8h6 f6e7 h8g8 g2g4 c6d4 d2d3
Received command: isready
Received command: go wtime 293870 btime 300000 movestogo 35
Bot to move: Black
Received command: position startpos moves f2f4 b8c6 f4f5 a8b8 f5f6 g8h6 f6e7 h8g8 g2g4 c6d4 d2d3 h6f5 e2e4
Received command: isready
Received command: go wtime 292720 btime 300000 movestogo 34
Bot to move: Black
Received command: position startpos moves f2f4 b8c6 f4f5 a8b8 f5f6 g8h6 f6e7 h8g8 g2g4 c6d4 d2d3 h6f5 e2e4 b8a8 e4f5
Received command: isready
Received command: go wtime 291369 btime 300000 movestogo 33
Bot to move: Black
Received command: position startpos moves f2f4 b8c6 f4f5 a8b8 f5f6 g8h6 f6e7 h8g8 g2g4 c6d4 d2d3 h6f5 e2e4 b8a8 e4f5 d4e2 f1e2
Received command: isready
Received command: go wtime 288407 btime 300000 movestogo 32
Bot to move: Black
Received command: position startpos moves f2f4 b8c6 f4f5 a8b8 f5f6 g8h6 f6e7 h8g8 g2g4 c6d4 d2d3 h6f5 e2e4 b8a8 e4f5 d4e2 f1e2 g8h8 e2f3
Received command: isready
Received command: go wtime 286567 btime 300000 movestogo 31
Bot to move: Black
Received command: position startpos moves f2f4 b8c6 f4f5 a8b8 f5f6 g8h6 f6e7 h8g8 g2g4 c6d4 d2d3 h6f5 e2e4 b8a8 e4f5 d4e2 f1e2 g8h8 e2f3 a7a6 a2a4
Received command: isready
Received command: go wtime 282693 btime 300000 movestogo 30
Bot to move: Black
Received command: position startpos moves f2f4 b8c6 f4f5 a8b8 f5f6 g8h6 f6e7 h8g8 g2g4 c6d4 d2d3 h6f5 e2e4 b8a8 e4f5 d4e2 f1e2 g8h8 e2f3 a7a6 a2a4 a8a7 b2b4
Received command: isready
Received command: go wtime 281628 btime 300000 movestogo 29
Bot to move: Black
Received command: position startpos moves f2f4 b8c6 f4f5 a8b8 f5f6 g8h6 f6e7 h8g8 g2g4 c6d4 d2d3 h6f5 e2e4 b8a8 e4f5 d4e2 f1e2 g8h8 e2f3 a7a6 a2a4 a8a7 b2b4 b7b6 c2c4
Received command: isready
Received command: go wtime 280559 btime 300000 movestogo 28
Bot to move: Black
Received command: position startpos moves f2f4 b8c6 f4f5 a8b8 f5f6 g8h6 f6e7 h8g8 g2g4 c6d4 d2d3 h6f5 e2e4 b8a8 e4f5 d4e2 f1e2 g8h8 e2f3 a7a6 a2a4 a8a7 b2b4 b7b6 c2c4 a7b7 b4b5
Received command: isready
Received command: go wtime 279534 btime 300000 movestogo 27
Bot to move: Black
Received command: position startpos moves f2f4 b8c6 f4f5 a8b8 f5f6 g8h6 f6e7 h8g8 g2g4 c6d4 d2d3 h6f5 e2e4 b8a8 e4f5 d4e2 f1e2 g8h8 e2f3 a7a6 a2a4 a8a7 b2b4 b7b6 c2c4 a7b7 b4b5 h8g8 c4c5
Received command: isready
Received command: go wtime 278748 btime 300000 movestogo 26
Bot to move: Black
Received command: position startpos moves f2f4 b8c6 f4f5 a8b8 f5f6 g8h6 f6e7 h8g8 g2g4 c6d4 d2d3 h6f5 e2e4 b8a8 e4f5 d4e2 f1e2 g8h8 e2f3 a7a6 a2a4 a8a7 b2b4 b7b6 c2c4 a7b7 b4b5 h8g8 c4c5 b7b8 a4a5
Received command: isready
Received command: go wtime 277922 btime 300000 movestogo 25
Bot to move: Black
Received command: position startpos moves f2f4 b8c6 f4f5 a8b8 f5f6 g8h6 f6e7 h8g8 g2g4 c6d4 d2d3 h6f5 e2e4 b8a8 e4f5 d4e2 f1e2 g8h8 e2f3 a7a6 a2a4 a8a7 b2b4 b7b6 c2c4 a7b7 b4b5 h8g8 c4c5 b7b8 a4a5 b8a8 b5a6
Received command: isready
Received command: go wtime 276813 btime 300000 movestogo 24
Bot to move: Black
Received command: position startpos moves f2f4 b8c6 f4f5 a8b8 f5f6 g8h6 f6e7 h8g8 g2g4 c6d4 d2d3 h6f5 e2e4 b8a8 e4f5 d4e2 f1e2 g8h8 e2f3 a7a6 a2a4 a8a7 b2b4 b7b6 c2c4 a7b7 b4b5 h8g8 c4c5 b7b8 a4a5 b8a8 b5a6 a8a7 c5b6
Received command: isready
Received command: go wtime 275805 btime 300000 movestogo 23
Bot to move: Black
Received command: position startpos moves f2f4 b8c6 f4f5 a8b8 f5f6 g8h6 f6e7 h8g8 g2g4 c6d4 d2d3 h6f5 e2e4 b8a8 e4f5 d4e2 f1e2 g8h8 e2f3 a7a6 a2a4 a8a7 b2b4 b7b6 c2c4 a7b7 b4b5 h8g8 c4c5 b7b8 a4a5 b8a8 b5a6 a8a7 c5b6 a7b7 b6c7
Received command: isready
Received command: go wtime 274632 btime 300000 movestogo 22
Bot to move: Black
Received command: position startpos moves f2f4 b8c6 f4f5 a8b8 f5f6 g8h6 f6e7 h8g8 g2g4 c6d4 d2d3 h6f5 e2e4 b8a8 e4f5 d4e2 f1e2 g8h8 e2f3 a7a6 a2a4 a8a7 b2b4 b7b6 c2c4 a7b7 b4b5 h8g8 c4c5 b7b8 a4a5 b8a8 b5a6 a8a7 c5b6 a7b7 b6c7 g8h8 a6b7
Received command: isready
Received command: go wtime 272265 btime 300000 movestogo 21
Bot to move: Black
Received command: position startpos moves f2f4 b8c6 f4f5 a8b8 f5f6 g8h6 f6e7 h8g8 g2g4 c6d4 d2d3 h6f5 e2e4 b8a8 e4f5 d4e2 f1e2 g8h8 e2f3 a7a6 a2a4 a8a7 b2b4 b7b6 c2c4 a7b7 b4b5 h8g8 c4c5 b7b8 a4a5 b8a8 b5a6 a8a7 c5b6 a7b7 b6c7 g8h8 a6b7 d7d6 f5f6
Received command: isready
Received command: go wtime 270482 btime 300000 movestogo 20
Bot to move: Black
Received command: position startpos moves f2f4 b8c6 f4f5 a8b8 f5f6 g8h6 f6e7 h8g8 g2g4 c6d4 d2d3 h6f5 e2e4 b8a8 e4f5 d4e2 f1e2 g8h8 e2f3 a7a6 a2a4 a8a7 b2b4 b7b6 c2c4 a7b7 b4b5 h8g8 c4c5 b7b8 a4a5 b8a8 b5a6 a8a7 c5b6 a7b7 b6c7 g8h8 a6b7 d7d6 f5f6 e8d7 f6g7
Received command: isready
Received command: go wtime 269584 btime 300000 movestogo 19
Bot to move: Black
Received command: position startpos moves f2f4 b8c6 f4f5 a8b8 f5f6 g8h6 f6e7 h8g8 g2g4 c6d4 d2d3 h6f5 e2e4 b8a8 e4f5 d4e2 f1e2 g8h8 e2f3 a7a6 a2a4 a8a7 b2b4 b7b6 c2c4 a7b7 b4b5 h8g8 c4c5 b7b8 a4a5 b8a8 b5a6 a8a7 c5b6 a7b7 b6c7 g8h8 a6b7 d7d6 f5f6 e8d7 f6g7 d7e6 g7f8q
Received command: isready
Received command: go wtime 267740 btime 300000 movestogo 18
Bot to move: Black
Received command: position startpos moves f2f4 b8c6 f4f5 a8b8 f5f6 g8h6 f6e7 h8g8 g2g4 c6d4 d2d3 h6f5 e2e4 b8a8 e4f5 d4e2 f1e2 g8h8 e2f3 a7a6 a2a4 a8a7 b2b4 b7b6 c2c4 a7b7 b4b5 h8g8 c4c5 b7b8 a4a5 b8a8 b5a6 a8a7 c5b6 a7b7 b6c7 g8h8 a6b7 d7d6 f5f6 e8d7 f6g7 d7e6 g7f8q e6e5 f8h8
Received command: isready
Received command: go wtime 264942 btime 300000 movestogo 17
Bot to move: Black
Received command: isready
